2024-02-09 14:56:59 - Test_5106_TC1 - INFO - ----------------Test Case test_HTC1 Starterd----------------
2024-02-09 14:57:56 - Test_5106_TC1 - INFO - ----------------Test Case test_HTC1 Starterd----------------
2024-02-09 14:57:58 - Test_5106_TC1 - INFO - ----Login Done----
2024-02-09 15:00:13 - Test_5106_TC1 - INFO - ----------------Test Case test_HTC1 Starterd----------------
2024-02-09 15:00:16 - Test_5106_TC1 - INFO - ----Login Done----
2024-02-09 15:03:01 - Test_5106_TC1 - INFO - ----------------Test Case test_HTC1 Starterd----------------
2024-02-09 15:03:03 - Test_5106_TC1 - INFO - ----Login Done----
2024-02-09 15:04:04 - Test_5106_TC1 - INFO - ----------------Test Case test_HTC1 Starterd----------------
2024-02-09 15:04:06 - Test_5106_TC1 - INFO - ----Login Done----
2024-02-09 15:04:55 - Test_5106_TC1 - INFO - ----------------Test Case test_HTC1 Starterd----------------
2024-02-09 15:04:57 - Test_5106_TC1 - INFO - ----Login Done----
2024-02-09 15:05:03 - Test_5106_TC1 - INFO - ----------------Test Case test_IMTC1 End----------------
2024-02-09 15:08:26 - Test_5106_TC1 - INFO - ----------------Test Case test_HTC1 Starterd----------------
2024-02-09 15:08:28 - Test_5106_TC1 - INFO - ----Login Done----
2024-02-09 15:10:35 - Test_5106_TC1 - INFO - ----------------Test Case test_HTC1 Starterd----------------
2024-02-09 15:10:37 - Test_5106_TC1 - INFO - ----Login Done----
2024-02-09 15:10:43 - Test_5106_TC1 - INFO - ----------------Test Case test_IMTC1 End----------------
2024-02-09 15:13:41 - Test_5106_TC1 - INFO - ----------------Test Case test_HTC1 Starterd----------------
2024-02-09 15:13:43 - Test_5106_TC1 - INFO - ----Login Done----
2024-02-09 15:13:49 - Test_5106_TC1 - INFO - ----------------Test Case test_IMTC1 End----------------
2024-02-09 15:16:37 - Test_5106_TC1 - INFO - ----------------Test Case test_HTC1 Starterd----------------
2024-02-09 15:16:38 - Test_5106_TC1 - INFO - ----Login Done----
2024-02-09 15:16:45 - Test_5106_TC1 - INFO - ----Form 5106 Opened----
2024-02-09 15:16:45 - Test_5106_TC1 - INFO - ----------------Test Case test_IMTC1 End----------------
2024-02-09 15:29:41 - Test_5106_TC1 - INFO - ----------------Test Case test_HTC1 Starterd----------------
2024-02-09 15:29:43 - Test_5106_TC1 - INFO - ----Login Done----
2024-02-09 15:29:49 - Test_5106_TC1 - INFO - ----Form 5106 Opened----
2024-02-09 15:29:49 - Test_5106_TC1 - INFO - ----Form filling Started----
2024-02-09 15:32:20 - Test_5106_TC1 - INFO - ----------------Test Case test_HTC1 Starterd----------------
2024-02-09 15:32:21 - Test_5106_TC1 - INFO - ----Login Done----
2024-02-09 15:34:36 - Test_5106_TC1 - INFO - ----------------Test Case test_HTC1 Starterd----------------
2024-02-09 15:34:38 - Test_5106_TC1 - INFO - ----Login Done----
2024-02-09 15:34:44 - Test_5106_TC1 - INFO - ----Form 5106 Opened----
2024-02-09 15:34:44 - Test_5106_TC1 - INFO - ----Form filling Started----
2024-02-09 15:36:06 - Test_5106_TC1 - INFO - ----------------Test Case test_HTC1 Starterd----------------
2024-02-09 15:36:08 - Test_5106_TC1 - INFO - ----Login Done----
2024-02-09 15:36:14 - Test_5106_TC1 - INFO - ----Form 5106 Opened----
2024-02-09 15:36:14 - Test_5106_TC1 - INFO - ----Form filling Started----
2024-02-09 15:39:13 - Test_5106_TC1 - INFO - ----------------Test Case test_HTC1 Starterd----------------
2024-02-09 15:39:15 - Test_5106_TC1 - INFO - ----Login Done----
2024-02-09 15:39:21 - Test_5106_TC1 - INFO - ----Form 5106 Opened----
2024-02-09 15:39:21 - Test_5106_TC1 - INFO - ----Form filling Started----
2024-02-09 15:40:50 - Test_5106_TC1 - INFO - ----------------Test Case test_HTC1 Starterd----------------
2024-02-09 15:40:51 - Test_5106_TC1 - INFO - ----Login Done----
2024-02-09 15:40:58 - Test_5106_TC1 - INFO - ----Form 5106 Opened----
2024-02-09 15:40:58 - Test_5106_TC1 - INFO - ----Form filling Started----
2024-02-09 15:41:02 - Test_5106_TC1 - INFO - ----Form filling Done----
2024-02-09 15:41:02 - Test_5106_TC1 - INFO - ----------------Test Case test_IMTC1 End----------------
2024-02-09 16:48:10 - Test_5106_TC1 - INFO - ----------------Test Case test_HTC1 Starterd----------------
2024-02-09 16:48:15 - Test_5106_TC1 - INFO - ----Login Done----
2024-02-09 16:48:21 - Test_5106_TC1 - INFO - ----Form 5106 Opened----
2024-02-09 16:48:21 - Test_5106_TC1 - INFO - ----Form filling Started----
2024-02-09 16:48:29 - Test_5106_TC1 - INFO - ----Form filling Done----
2024-02-09 16:48:29 - Test_5106_TC1 - INFO - ----------------Test Case test_IMTC1 End----------------
2024-02-09 16:54:59 - Test_5106_TC1 - INFO - ----------------Test Case test_HTC1 Starterd----------------
2024-02-09 16:55:04 - Test_5106_TC1 - INFO - ----Login Done----
2024-02-09 16:55:11 - Test_5106_TC1 - INFO - ----Form 5106 Opened----
2024-02-09 16:55:11 - Test_5106_TC1 - INFO - ----Form filling Started----
2024-02-09 16:55:20 - Test_5106_TC1 - INFO - ----Form filling Done----
2024-02-09 16:55:20 - Test_5106_TC1 - INFO - ----------------Test Case test_IMTC1 End----------------
2024-02-09 16:56:32 - Test_5106_TC1 - INFO - ----------------Test Case test_HTC1 Starterd----------------
2024-02-09 16:56:36 - Test_5106_TC1 - INFO - ----Login Done----
2024-02-09 16:56:43 - Test_5106_TC1 - INFO - ----Form 5106 Opened----
2024-02-09 16:56:43 - Test_5106_TC1 - INFO - ----Form filling Started----
2024-02-09 16:56:51 - Test_5106_TC1 - INFO - ----Form filling Done----
2024-02-09 16:56:51 - Test_5106_TC1 - INFO - ----------------Test Case test_IMTC1 End----------------
2024-02-09 16:57:43 - Test_5106_TC1 - INFO - ----------------Test Case test_HTC1 Starterd----------------
2024-02-09 16:57:48 - Test_5106_TC1 - INFO - ----Login Done----
2024-02-09 16:57:55 - Test_5106_TC1 - INFO - ----Form 5106 Opened----
2024-02-09 16:57:55 - Test_5106_TC1 - INFO - ----Form filling Started----
2024-02-09 16:58:06 - Test_5106_TC1 - INFO - ----Form filling Done----
2024-02-09 16:58:06 - Test_5106_TC1 - INFO - ----------------Test Case test_IMTC1 End----------------
2024-02-12 12:40:52 - Test_5106_TC1 - INFO - ----------------Test Case test_HTC1 Starterd----------------
2024-02-12 12:40:54 - Test_5106_TC1 - INFO - ----Login Done----
2024-02-12 12:41:01 - Test_5106_TC1 - INFO - ----Form 5106 Opened----
2024-02-12 12:41:01 - Test_5106_TC1 - INFO - ----Form filling Started----
2024-02-12 12:41:08 - Test_5106_TC1 - INFO - ----Form filling Done----
2024-02-12 12:41:08 - Test_5106_TC1 - INFO - ----------------Test Case test_IMTC1 End----------------
2024-02-12 13:04:51 - Test_5106_TC1 - INFO - ----------------Test Case test_HTC1 Starterd----------------
2024-02-12 13:04:53 - Test_5106_TC1 - INFO - ----Login Done----
2024-02-12 13:04:59 - Test_5106_TC1 - INFO - ----Form 5106 Opened----
2024-02-12 13:04:59 - Test_5106_TC1 - INFO - ----Form filling Started----
2024-02-12 13:20:53 - Test_5106_TC1 - INFO - ----------------Test Case test_HTC1 Starterd----------------
2024-02-12 13:20:55 - Test_5106_TC1 - INFO - ----Login Done----
2024-02-12 13:21:01 - Test_5106_TC1 - INFO - ----Form 5106 Opened----
2024-02-12 13:21:01 - Test_5106_TC1 - INFO - ----Form filling Started----
2024-02-12 13:21:09 - Test_5106_TC1 - INFO - ----Form filling Done----
2024-02-12 13:21:09 - Test_5106_TC1 - INFO - ----------------Test Case test_IMTC1 End----------------
2024-03-20 18:08:06 - Test_5106_TC1 - INFO - ----------------Test Case test_HTC1 Starterd----------------
2024-03-20 18:08:28 - Test_5106_TC1 - INFO - ----Login Done----
2024-03-20 18:08:35 - Test_5106_TC1 - INFO - ----Form 5106 Opened----
2024-03-20 18:08:35 - Test_5106_TC1 - INFO - ----Form filling Started----
2024-03-20 18:08:47 - Test_5106_TC1 - INFO - ----Form filling Done----
2024-03-20 18:08:47 - Test_5106_TC1 - INFO - ----------------Test Case test_IMTC1 End----------------
